# JRE version: Java(TM) SE Runtime Environment (16.0.1+9) (build 16.0.1+9-24)
# Java VM: Java HotSpot(TM) 64-Bit Server VM (16.0.1+9-24, mixed mode, sharing, tiered, compressed oops, compressed class ptrs, g1 gc, windows-amd64)
GC Precious Log:
 CPUs: 8 total, 8 available
 Memory: 8080M
 Large Page Support: Disabled
 NUMA Support: Disabled
 Compressed Oops: Enabled (32-bit)
 Heap Region Size: 1M
 Heap Min Capacity: 8M
 Heap Initial Capacity: 128M
 Heap Max Capacity: 2022M
 Pre-touch: Disabled
 Parallel Workers: 8
 Concurrent Workers: 2
 Concurrent Refinement Workers: 8
 Periodic GC: Disabled
Heap:
 garbage-first heap   total 262144K, used 106986K [0x0000000081a00000, 0x0000000100000000)
  region size 1024K, 100 young (102400K), 4 survivors (4096K)
 Metaspace       used 16065K, committed 16320K, reserved 1064960K
  class space    used 1909K, committed 2048K, reserved 1048576K
GC Heap History (16 events):
Event: 0.624 GC heap before
{Heap before GC invocations=0 (full 0):
 garbage-first heap   total 131072K, used 23552K [0x0000000081a00000, 0x0000000100000000)
  region size 1024K, 23 young (23552K), 0 survivors (0K)
 Metaspace       used 4635K, committed 4800K, reserved 1056768K
  class space    used 486K, committed 576K, reserved 1048576K
}
Event: 0.630 GC heap after
{Heap after GC invocations=1 (full 0):
 garbage-first heap   total 131072K, used 6471K [0x0000000081a00000, 0x0000000100000000)
  region size 1024K, 3 young (3072K), 3 survivors (3072K)
 Metaspace       used 4635K, committed 4800K, reserved 1056768K
  class space    used 486K, committed 576K, reserved 1048576K
}
Event: 0.640 GC heap before
{Heap before GC invocations=1 (full 0):
 garbage-first heap   total 131072K, used 34119K [0x0000000081a00000, 0x0000000100000000)
  region size 1024K, 31 young (31744K), 3 survivors (3072K)
 Metaspace       used 4635K, committed 4800K, reserved 1056768K
  class space    used 486K, committed 576K, reserved 1048576K
}
Event: 0.643 GC heap after
{Heap after GC invocations=2 (full 0):
 garbage-first heap   total 131072K, used 6699K [0x0000000081a00000, 0x0000000100000000)
  region size 1024K, 1 young (1024K), 1 survivors (1024K)
 Metaspace       used 4635K, committed 4800K, reserved 1056768K
  class space    used 486K, committed 576K, reserved 1048576K
}
Event: 1.648 GC heap before
{Heap before GC invocations=2 (full 0):
 garbage-first heap   total 131072K, used 82475K [0x0000000081a00000, 0x0000000100000000)
  region size 1024K, 76 young (77824K), 1 survivors (1024K)
 Metaspace       used 15608K, committed 15872K, reserved 1064960K
  class space    used 1864K, committed 1984K, reserved 1048576K
}
Event: 1.651 GC heap after
{Heap after GC invocations=3 (full 0):
 garbage-first heap   total 131072K, used 10258K [0x0000000081a00000, 0x0000000100000000)
  region size 1024K, 4 young (4096K), 4 survivors (4096K)
 Metaspace       used 15608K, committed 15872K, reserved 1064960K
  class space    used 1864K, committed 1984K, reserved 1048576K
}
Event: 1.706 GC heap before
{Heap before GC invocations=3 (full 0):
 garbage-first heap   total 131072K, used 83986K [0x0000000081a00000, 0x0000000100000000)
  region size 1024K, 76 young (77824K), 4 survivors (4096K)
 Metaspace       used 15679K, committed 15872K, reserved 1064960K
  class space    used 1865K, committed 1984K, reserved 1048576K
}
Event: 1.709 GC heap after
{Heap after GC invocations=4 (full 0):
 garbage-first heap   total 131072K, used 10385K [0x0000000081a00000, 0x0000000100000000)
  region size 1024K, 4 young (4096K), 4 survivors (4096K)
 Metaspace       used 15679K, committed 15872K, reserved 1064960K
  class space    used 1865K, committed 1984K, reserved 1048576K
}
Event: 1.759 GC heap before
{Heap before GC invocations=4 (full 0):
 garbage-first heap   total 131072K, used 84113K [0x0000000081a00000, 0x0000000100000000)
  region size 1024K, 76 young (77824K), 4 survivors (4096K)
 Metaspace       used 15706K, committed 15936K, reserved 1064960K
  class space    used 1866K, committed 1984K, reserved 1048576K
}
Event: 1.762 GC heap after
{Heap after GC invocations=5 (full 0):
 garbage-first heap   total 131072K, used 10574K [0x0000000081a00000, 0x0000000100000000)
  region size 1024K, 4 young (4096K), 4 survivors (4096K)
 Metaspace       used 15706K, committed 15936K, reserved 1064960K
  class space    used 1866K, committed 1984K, reserved 1048576K
}
Event: 1.819 GC heap before
{Heap before GC invocations=5 (full 0):
 garbage-first heap   total 131072K, used 84302K [0x0000000081a00000, 0x0000000100000000)
  region size 1024K, 76 young (77824K), 4 survivors (4096K)
 Metaspace       used 15743K, committed 16000K, reserved 1064960K
  class space    used 1867K, committed 1984K, reserved 1048576K
}
Event: 1.822 GC heap after
{Heap after GC invocations=6 (full 0):
 garbage-first heap   total 131072K, used 10629K [0x0000000081a00000, 0x0000000100000000)
  region size 1024K, 4 young (4096K), 4 survivors (4096K)
 Metaspace       used 15743K, committed 16000K, reserved 1064960K
  class space    used 1867K, committed 1984K, reserved 1048576K
}
Event: 1.871 GC heap before
{Heap before GC invocations=6 (full 0):
 garbage-first heap   total 131072K, used 84357K [0x0000000081a00000, 0x0000000100000000)
  region size 1024K, 76 young (77824K), 4 survivors (4096K)
 Metaspace       used 15754K, committed 16000K, reserved 1064960K
  class space    used 1869K, committed 1984K, reserved 1048576K
}
Event: 1.873 GC heap after
{Heap after GC invocations=7 (full 0):
 garbage-first heap   total 262144K, used 10849K [0x0000000081a00000, 0x0000000100000000)
  region size 1024K, 5 young (5120K), 5 survivors (5120K)
 Metaspace       used 15754K, committed 16000K, reserved 1064960K
  class space    used 1869K, committed 1984K, reserved 1048576K
}
Event: 2.016 GC heap before
{Heap before GC invocations=7 (full 0):
 garbage-first heap   total 262144K, used 162401K [0x0000000081a00000, 0x0000000100000000)
  region size 1024K, 153 young (156672K), 5 survivors (5120K)
 Metaspace       used 15764K, committed 16000K, reserved 1064960K
  class space    used 1870K, committed 1984K, reserved 1048576K
}
Event: 2.018 GC heap after
{Heap after GC invocations=8 (full 0):
 garbage-first heap   total 262144K, used 10730K [0x0000000081a00000, 0x0000000100000000)
  region size 1024K, 4 young (4096K), 4 survivors (4096K)
 Metaspace       used 15764K, committed 16000K, reserved 1064960K
  class space    used 1870K, committed 1984K, reserved 1048576K
}

